[0507/191546:ERROR:process_reader_win.cc(141)] SuspendThread: Access is denied. (0x5)
[0507/191546:ERROR:exception_snapshot_win.cc(57)] thread ID 8144 not found in process
[0507/191546:WARNING:crash_report_exception_handler.cc(60)] ProcessSnapshotWin::InitializeException failed
[0511/050343:ERROR:process_reader_win.cc(172)] ResumeThread: The operation completed successfully. (0x0)
[0511/050343:ERROR:process_reader_win.cc(141)] SuspendThread: Access is denied. (0x5)
[0511/050343:ERROR:process_reader_win.cc(141)] SuspendThread: Access is denied. (0x5)
[0511/050343:ERROR:process_reader_win.cc(141)] SuspendThread: Access is denied. (0x5)
[0511/050343:ERROR:process_reader_win.cc(141)] SuspendThread: Access is denied. (0x5)
[0511/050343:ERROR:process_reader_win.cc(113)] NtOpenThread: An invalid Client ID was specified.  (0xc000000b)
[0511/050343:ERROR:process_reader_win.cc(141)] SuspendThread: Access is denied. (0x5)
[0511/050343:ERROR:process_reader_win.cc(141)] SuspendThread: Access is denied. (0x5)
[0511/050343:ERROR:process_reader_win.cc(141)] SuspendThread: Access is denied. (0x5)
[0511/050343:ERROR:process_reader_win.cc(141)] SuspendThread: Access is denied. (0x5)
[0511/050343:ERROR:process_reader_win.cc(141)] SuspendThread: Access is denied. (0x5)
[0622/023816:ERROR:process_reader_win.cc(141)] SuspendThread: Access is denied. (0x5)
[0622/023816:ERROR:process_reader_win.cc(141)] SuspendThread: Access is denied. (0x5)
[0622/023816:ERROR:process_reader_win.cc(141)] SuspendThread: Access is denied. (0x5)
[0622/023816:ERROR:process_reader_win.cc(141)] SuspendThread: Access is denied. (0x5)
[0622/023816:ERROR:process_reader_win.cc(141)] SuspendThread: Access is denied. (0x5)
[0622/023816:ERROR:process_reader_win.cc(141)] SuspendThread: Access is denied. (0x5)
[0622/023816:ERROR:process_reader_win.cc(141)] SuspendThread: Access is denied. (0x5)
[0622/023816:ERROR:process_reader_win.cc(141)] SuspendThread: Access is denied. (0x5)
[0622/023816:ERROR:process_reader_win.cc(141)] SuspendThread: Access is denied. (0x5)
[0622/023816:ERROR:exception_snapshot_win.cc(57)] thread ID 12260 not found in process
[0622/023816:WARNING:crash_report_exception_handler.cc(60)] ProcessSnapshotWin::InitializeException failed
[0622/220547:ERROR:process_reader_win.cc(172)] ResumeThread: The operation completed successfully. (0x0)
[0622/220547:ERROR:process_reader_win.cc(141)] SuspendThread: Access is denied. (0x5)
[0622/220547:ERROR:process_reader_win.cc(141)] SuspendThread: Access is denied. (0x5)
[0622/220547:ERROR:process_reader_win.cc(141)] SuspendThread: Access is denied. (0x5)
[0622/220547:ERROR:process_reader_win.cc(141)] SuspendThread: Access is denied. (0x5)
[0622/220547:ERROR:process_reader_win.cc(232)] ReadMemory at 0xcf5000 of 45056 bytes failed: Only part of a ReadProcessMemory or WriteProcessMemory request was completed. (0x12B)
[0622/220547:ERROR:crash_report_exception_handler.cc(102)] WriteEverything failed
[0622/220547:ERROR:scoped_process_suspend.cc(38)] NtResumeProcess, ntstatus=-1073741558
[0622/220547:ERROR:process_reader_win.cc(141)] SuspendThread: Access is denied. (0x5)
[0622/220547:ERROR:exception_snapshot_win.cc(57)] thread ID 5288 not found in process
[0622/220547:WARNING:crash_report_exception_handler.cc(60)] ProcessSnapshotWin::InitializeException failed
[0622/220547:ERROR:scoped_process_suspend.cc(38)] NtResumeProcess, ntstatus=-1073741558
